"V1" "V2" "V3" "V4" "V5" "V6" "V7" "V8" "V9" "V10" "V11" "V12"
"1" 3 0.701754385964912 4 0.737920877542562 0.983503874492245 0.983746769776768 0.666666666666667 0.75 0.95 1 0 0.93798349875858
"2" 3 0.700268028119207 3 0.701754385964912 0.977767589744233 0.983198884603936 0.666666666666667 0.666666666666667 0.95 0.999269153773488 0 0.927533182818057
"3" 3 0.701754385964912 5 0.814017073414251 0.990346795945735 0.990757618210806 0.666666666666667 0.8 0.95 1 0 0.950305213715775
"4" 3 0.701754385964912 4 0.789473684210526 0.989936330559691 0.99146365966685 0.666666666666667 0.75 0.95 1 0 0.949462017633201
"5" 4 0.721055332598253 5 0.841624936263917 0.985750190760236 0.991909454776117 0.75 0.8 0.95 1 0 0.948915283548901
"6" 3 0.701754385964912 4 0.788660248775781 0.989100431604261 0.987876704715663 0.666666666666667 0.75 0.95 1 0 0.942635991506044
"7" 3 0.701754385964912 4 0.7379539869073 0.981965789072103 0.983284757694134 0.666666666666667 0.75 0.95 1 0 0.936212567752546
"8" 3 0.659655831551245 3 0.701754385964912 0.969885244796736 0.983012184185378 0.666666666666667 0.666666666666667 0.95 0.999596859515898 0 0.912298126428789
"9" 3 0.595473697120475 3 0.701754385964912 0.964427380874638 0.974315663312126 0.666666666666667 0.666666666666667 0.95 0.997577238019161 0 0.915629891434887
"10" 3 0.601794801067269 3 0.701754385964912 0.959494461046361 0.970213639896359 0.666666666666667 0.666666666666667 0.95 0.996250517898605 0 0.903946206074557
"11" 3 0.596556537294541 3 0.701754385964912 0.961185845642926 0.971185549484635 0.666666666666667 0.666666666666667 0.95 0.998742222612106 0 0.905652656313695
"12" 3 0.599604521468654 3 0.689442116010703 0.964084316396612 0.972142795561004 0.666666666666667 0.666666666666667 0.95 1 0 0.91029947756871
"13" 3 0.621927868500913 3 0.701754385964912 0.964944854788658 0.975658166011723 0.666666666666667 0.666666666666667 0.95 0.997384429428455 0 0.91158182210278
"14" 3 0.612023194433531 3 0.701754385964912 0.971463291861212 0.979676598614166 0.666666666666667 0.666666666666667 0.95 1 0 0.926447386211341
"15" 3 0.682299196645517 4 0.725865745769509 0.971580452069916 0.975477645963997 0.666666666666667 0.75 0.95 1 0 0.910546188017114
"16" 3 0.701754385964912 4 0.789473684210526 0.980577801794068 0.989491297383182 0.666666666666667 0.75 0.95 1 0 0.932425728800185
"17" 3 0.659730314110979 4 0.766232699722383 0.974765089395564 0.982663466158222 0.666666666666667 0.75 0.95 1 0 0.92583849913487
"18" 3 0.701754385964912 4 0.737031545196775 0.980834028996911 0.982614760547259 0.666666666666667 0.75 0.95 1 0 0.933888498277293
"19" 3 0.677591617950192 4 0.76058931264018 0.978622414158062 0.984125653036771 0.666666666666667 0.75 0.95 1 0 0.933694075488907
"20" 3 0.575955365869202 3 0.701754385964912 0.967754976786466 0.979720299336081 0.666666666666667 0.666666666666667 0.95 0.999431651255668 0 0.924730377098214
"21" 3 0.634854979916776 4 0.768430450399199 0.972661060709552 0.982662050665213 0.666666666666667 0.75 0.95 1 0 0.92512854403925
"22" 3 0.701754385964912 4 0.789473684210526 0.987123765863812 0.99249103273064 0.666666666666667 0.75 0.95 1 0 0.952713269573781
"23" 3 0.652435181394259 4 0.741374165902817 0.967159402283191 0.975563041705914 0.666666666666667 0.75 0.95 1 0 0.905512307463829
"24" 3 0.591952517423564 4 0.708577281840865 0.951264117616669 0.965193405369499 0.666666666666667 0.75 0.95 1 0 0.880563207802166
"25" 3 0.57103295668283 3 0.701754385964912 0.947403908768486 0.97726113134416 0.666666666666667 0.666666666666667 0.95 0.999218522043796 0 0.878429258433633
"26" 3 0.56166205985448 3 0.701754385964912 0.931655305061436 0.956654229308615 0.666666666666667 0.666666666666667 0.95 0.996034710242209 0 0.849163086126349
"27" 3 0.553353691314617 3 0.701754385964912 0.959179651452763 0.981072969992277 0.666666666666667 0.666666666666667 0.95 1 0 0.908606994497763
"28" 3 0.567651456932636 4 0.709246687805241 0.952067291565625 0.967728461803627 0.666666666666667 0.75 0.95 0.999887292941394 0 0.889282082995495
"29" 2 0.526315789473684 3 0.534163181546482 0.907094893901244 0.882682793196362 0.5 0.666666666666667 0.95 0.984403609602264 0 0.766042131126617
"30" 3 0.537039615067823 3 0.701754385964912 0.935702521829543 0.961572720551607 0.666666666666667 0.666666666666667 0.95 0.997330399966846 0 0.864213441922302
"31" 3 0.551187251014581 3 0.701754385964912 0.954437025813105 0.974645232722439 0.666666666666667 0.666666666666667 0.95 1 0 0.898481105338709
"32" 3 0.54739612422368 3 0.701754385964912 0.949009081284077 0.97323841067444 0.666666666666667 0.666666666666667 0.95 0.999599741490935 0 0.887822836973527
"33" 3 0.596371386044519 4 0.738420357802765 0.954935709715423 0.97079518022027 0.666666666666667 0.75 0.95 1 0 0.888352092179601
"34" 3 0.534324944599066 3 0.701754385964912 0.943504607128016 0.970462971204372 0.666666666666667 0.666666666666667 0.95 0.998903647643592 0 0.879938631430991
"35" 2 0.526315789473684 3 0.701754385964912 0.971367029188273 0.973564457914395 0.5 0.666666666666667 0.95 0.99824668119835 0 0.890573361537386
"36" 3 0.583857775183627 3 0.701754385964912 0.947978497804725 0.978610199715159 0.666666666666667 0.666666666666667 0.95 0.996896691672505 0 0.879345068812399
"37" 2 0.526315789473684 3 0.645861652301477 0.953836543865651 0.937730495984912 0.5 0.666666666666667 0.95 0.994924141605003 0 0.833423287512862
"38" 3 0.590652977142336 3 0.701754385964912 0.945368650167861 0.971128041297927 0.666666666666667 0.666666666666667 0.95 0.996085974884613 0 0.872187859386686
"39" 3 0.559971549204046 3 0.701754385964912 0.939313563770607 0.967825146918406 0.666666666666667 0.666666666666667 0.95 1 0 0.862085198991977
"40" 3 0.570521267102623 3 0.701754385964912 0.935914707915687 0.957024198633466 0.666666666666667 0.666666666666667 0.95 0.996094463526889 0 0.85597167978574
"41" 2 0.526315789473684 3 0.701754385964912 0.957656292891896 0.950649614348694 0.5 0.666666666666667 0.95 0.996710210395753 0 0.84072755332481
"42" 2 0.526315789473684 3 0.656966953445253 0.951549381389456 0.944797069099896 0.5 0.666666666666667 0.95 0.997787138656951 0 0.843312022952325
"43" 2 0.526315789473684 3 0.655148132169974 0.969493516272515 0.954028352393539 0.5 0.666666666666667 0.95 0.998431285956863 0 0.869671845439032
"44" 2 0.526315789473684 3 0.662822271562308 0.960840517872058 0.953856008253044 0.5 0.666666666666667 0.95 0.998215040482434 0 0.866655247269145
"45" 2 0.526315789473684 3 0.639563128157277 0.962078862824865 0.952888408522885 0.5 0.666666666666667 0.95 0.999454458794376 0 0.8702610995428
