"V1" "V2" "V3" "V4" "V5" "V6" "V7" "V8" "V9" "V10" "V11" "V12"
"1" 2 0.526315789473684 2 0.526315789473684 0.851945176809081 0.857517276938332 0.5 0.5 0.95 0.891085244053254 0 0.802800406901812
"2" 2 0.496435456953385 3 0.530349939131554 0.853980649733809 0.857052020676285 0.5 0.666666666666667 0.95 0.899584574837223 0 0.809022350524317
"3" 2 0.524183448620397 2 0.526315789473684 0.86306701259258 0.870053282325021 0.5 0.5 0.95 0.905626366573688 0 0.816181487328295
"4" 2 0.525350101752666 3 0.557263799510943 0.854300071553381 0.85721399425445 0.5 0.666666666666667 0.95 0.897638613017266 0 0.80633228044685
"5" 2 0.526315789473684 3 0.621995668173017 0.872336659155428 0.876482069572488 0.5 0.666666666666667 0.95 0.907379382448823 0 0.825641396201416
"6" 2 0.467767426277687 3 0.58053136933874 0.849885029584964 0.860527774572472 0.5 0.666666666666667 0.95 0.900117536558444 0 0.80573679127229
"7" 2 0.515105232529241 3 0.605440551649251 0.854039913441644 0.861683591568308 0.5 0.666666666666667 0.95 0.895069043176892 0 0.810454540221419
"8" 2 0.526315789473684 3 0.585249031926046 0.851431403075425 0.855652922896652 0.5 0.666666666666667 0.95 0.890790432842484 0 0.806070895938193
"9" 2 0.492657119449358 2 0.526315789473684 0.850142761185295 0.859119208419742 0.5 0.5 0.95 0.893849451927942 0 0.807701222755572
"10" 2 0.526315789473684 3 0.569134702810038 0.856885124407937 0.858647867618003 0.5 0.666666666666667 0.95 0.89585461785632 0 0.809501062624617
"11" 2 0.526315789473684 3 0.58903836669568 0.85164749389184 0.854568121616982 0.5 0.666666666666667 0.95 0.888489268152172 0 0.805948359740725
"12" 2 0.526315789473684 2 0.526315789473684 0.862714562664195 0.875253441091566 0.5 0.5 0.95 0.910410070633516 0 0.803942178938155
"13" 2 0.526315789473684 2 0.526315789473684 0.867972142006507 0.879651345106141 0.5 0.5 0.95 0.905196533543717 0 0.81466241649639
"14" 2 0.522838954256272 2 0.526315789473684 0.86272987418399 0.872176759485969 0.5 0.5 0.95 0.908977669395091 0 0.812054847166348
"15" 2 0.473194664017218 2 0.526315789473684 0.850962233403644 0.861675963339778 0.5 0.5 0.95 0.905476851900143 0 0.801995328891651
"16" 2 0.526315789473684 2 0.526315789473684 0.874570459390856 0.88131835386623 0.5 0.5 0.95 0.916356750977544 0 0.820188559871035
"17" 2 0.526315789473684 2 0.526315789473684 0.882035042165161 0.89141429314984 0.5 0.5 0.95 0.919762837351121 0 0.820235850408813
"18" 2 0.526315789473684 2 0.526315789473684 0.849601885328524 0.859392240074612 0.5 0.5 0.95 0.900850703949687 0 0.782081394608399
"19" 2 0.526315789473684 3 0.544904101558833 0.88440030899319 0.877573422193549 0.5 0.666666666666667 0.95 0.924985605302828 0 0.820804962779616
"20" 2 0.526315789473684 3 0.56111062091105 0.856506876947994 0.848020004239334 0.5 0.666666666666667 0.95 0.896530216578781 0 0.786000742294977
"21" 2 0.526315789473684 3 0.614446760960869 0.86310549660598 0.856754773010885 0.5 0.666666666666667 0.95 0.897190622743948 0 0.792313148925192
"22" 2 0.526315789473684 3 0.552736854199218 0.836905110383218 0.82365009537796 0.5 0.666666666666667 0.95 0.869703900283794 0 0.766735870527221
"23" 2 0.526315789473684 2 0.526315789473684 0.802879525573809 0.826183138429457 0.5 0.5 0.95 0.850251159571596 0 0.738253926128662
"24" 2 0.526315789473684 2 0.526315789473684 0.793196157293631 0.805915228098886 0.5 0.5 0.95 0.849510562944147 0 0.717302137187951
"25" 2 0.526315789473684 3 0.577476288643112 0.773032363828532 0.759941969983665 0.5 0.666666666666667 0.95 0.821897168708856 0 0.675265874275157
"26" 2 0.526315789473684 3 0.559207698243099 0.771098160013239 0.74709338118717 0.5 0.666666666666667 0.95 0.825616862807712 0 0.647475181776613
"27" 2 0.526315789473684 3 0.57151572908389 0.817708302698804 0.798811946564431 0.5 0.666666666666667 0.95 0.849006624297976 0 0.731861886111374
"28" 2 0.526315789473684 3 0.571725773966744 0.83273337253316 0.813603980755965 0.5 0.666666666666667 0.95 0.868326849585111 0 0.74055154698052
"29" 2 0.526315789473684 3 0.592524601323389 0.807098453999338 0.78979654115708 0.5 0.666666666666667 0.95 0.850829477274822 0 0.701046358303803
"30" 2 0.526315789473684 3 0.626956676204936 0.837139829019447 0.836626994206867 0.5 0.666666666666667 0.95 0.890306373351427 0 0.746410542168963
"31" 2 0.526315789473684 3 0.609917336346227 0.851619925659053 0.841587144615182 0.5 0.666666666666667 0.95 0.888918939491874 0 0.767581081425198
"32" 2 0.526315789473684 3 0.650459053554517 0.842986123993953 0.846454903705511 0.5 0.666666666666667 0.95 0.889473047172086 0 0.766402648971156
"33" 2 0.526315789473684 3 0.547725890510844 0.843104389960335 0.838291957822612 0.5 0.666666666666667 0.95 0.899013272115508 0 0.764755500072177
"34" 2 0.526315789473684 3 0.572569961801884 0.850318906678015 0.845770206364963 0.5 0.666666666666667 0.95 0.895693118180308 0 0.778895262732897
"35" 2 0.526315789473684 3 0.660382750512417 0.832229285879803 0.84211687100728 0.5 0.666666666666667 0.95 0.890830829211411 0 0.747393008318535
"36" 2 0.526315789473684 3 0.618817479121944 0.844154853923381 0.842528155014297 0.5 0.666666666666667 0.95 0.887941822597101 0 0.768802919065549
"37" 2 0.526315789473684 2 0.526315789473684 0.866929472319228 0.883419750401346 0.5 0.5 0.95 0.919822233312035 0 0.796621389502855
"38" 2 0.526315789473684 2 0.526315789473684 0.83977669587272 0.862718789359286 0.5 0.5 0.95 0.893423242160269 0 0.749516692129058
"39" 2 0.526315789473684 3 0.59566715482806 0.856504061367032 0.840932486926173 0.5 0.666666666666667 0.95 0.888981513581478 0 0.770146184646296
"40" 2 0.526315789473684 2 0.526315789473684 0.839103331447046 0.857890572705588 0.5 0.5 0.95 0.876487793023066 0 0.7430680387575
"41" 2 0.526315789473684 2 0.526315789473684 0.8295141475052 0.848690876339872 0.5 0.5 0.95 0.871184750599171 0 0.732218584548394
"42" 2 0.526315789473684 2 0.526315789473684 0.815748153160228 0.836501511160311 0.5 0.5 0.95 0.875835478506991 0 0.708292306273209
"43" 2 0.526315789473684 3 0.53164085380809 0.817285582415515 0.810520063867736 0.5 0.666666666666667 0.95 0.880057399338653 0 0.731587286101183
"44" 2 0.526315789473684 3 0.551390777802595 0.827770248152676 0.808110479771939 0.5 0.666666666666667 0.95 0.867119145824504 0 0.73558224659732
"45" 2 0.526315789473684 2 0.526315789473684 0.846236940423606 0.859815450085169 0.5 0.5 0.95 0.900179424857659 0 0.756316904077934
